This is pdfTeX, Version 3.141592653-2.6-1.40.24 (TeX Live 2022) (preloaded format=pdflatex 2022.11.4)  9 DEC 2022 20:28
entering extended mode
 restricted \write18 enabled.
 file:line:error style messages enabled.
 %&-line parsing enabled.
**"/home/gus/Documentos/Ihc - relatorio Final/main.tex"
(/home/gus/Documentos/Ihc - relatorio Final/main.tex
LaTeX2e <2022-11-01>
L3 programming layer <2022-11-02> (/usr/local/texlive/2022/texmf-dist/tex/latex/base/article.cls
Document Class: article 2022/07/02 v1.4n Standard LaTeX document class
(/usr/local/texlive/2022/texmf-dist/tex/latex/base/size12.clo
File: size12.clo 2022/07/02 v1.4n Standard LaTeX file (size option)
)
\c@part=\count185
\c@section=\count186
\c@subsection=\count187
\c@subsubsection=\count188
\c@paragraph=\count189
\c@subparagraph=\count190
\c@figure=\count191
\c@table=\count192
\abovecaptionskip=\skip47
\belowcaptionskip=\skip48
\bibindent=\dimen140
) (./sbc-template.sty
Package: sbc-template 2001/06/09
 (/usr/local/texlive/2022/texmf-dist/tex/latex/geometry/geometry.sty
Package: geometry 2020/01/02 v5.9 Page Geometry
 (/usr/local/texlive/2022/texmf-dist/tex/latex/graphics/keyval.sty
Package: keyval 2022/05/29 v1.15 key=value parser (DPC)
\KV@toks@=\toks16
) (/usr/local/texlive/2022/texmf-dist/tex/generic/iftex/ifvtex.sty
Package: ifvtex 2019/10/25 v1.7 ifvtex legacy package. Use iftex instead.
 (/usr/local/texlive/2022/texmf-dist/tex/generic/iftex/iftex.sty
Package: iftex 2022/02/03 v1.0f TeX engine tests
))
\Gm@cnth=\count193
\Gm@cntv=\count194
\c@Gm@tempcnt=\count195
\Gm@bindingoffset=\dimen141
\Gm@wd@mp=\dimen142
\Gm@odd@mp=\dimen143
\Gm@even@mp=\dimen144
\Gm@layoutwidth=\dimen145
\Gm@layoutheight=\dimen146
\Gm@layouthoffset=\dimen147
\Gm@layoutvoffset=\dimen148
\Gm@dimlist=\toks17
) (./caption2.sty
Package: caption2 2002/08/03 v2.1 Customising captions (AS)
\captionmargin=\dimen149
\captionwidth=\dimen150
\captionindent=\dimen151
Package caption2 Info: Running in caption2 v2.0 compatibility mode on input line 147.
\captionlinewidth=\dimen152
) (/usr/local/texlive/2022/texmf-dist/tex/latex/psnfss/times.sty
Package: times 2020/03/25 PSNFSS-v9.3 (SPQR) 
)
\c@instn=\count196
 (/usr/local/texlive/2022/texmf-dist/tex/latex/titlesec/titlesec.sty
Package: titlesec 2021/07/05 v2.14 Sectioning titles
\ttl@box=\box51
\beforetitleunit=\skip49
\aftertitleunit=\skip50
\ttl@plus=\dimen153
\ttl@minus=\dimen154
\ttl@toksa=\toks18
\titlewidth=\dimen155
\titlewidthlast=\dimen156
\titlewidthfirst=\dimen157
)) (/usr/local/texlive/2022/texmf-dist/tex/latex/graphics/graphicx.sty
Package: graphicx 2021/09/16 v1.2d Enhanced LaTeX Graphics (DPC,SPQR)
 (/usr/local/texlive/2022/texmf-dist/tex/latex/graphics/graphics.sty
Package: graphics 2022/03/10 v1.4e Standard LaTeX Graphics (DPC,SPQR)
 (/usr/local/texlive/2022/texmf-dist/tex/latex/graphics/trig.sty
Package: trig 2021/08/11 v1.11 sin cos tan (DPC)
) (/usr/local/texlive/2022/texmf-dist/tex/latex/graphics-cfg/graphics.cfg
File: graphics.cfg 2016/06/04 v1.11 sample graphics configuration
)
Package graphics Info: Driver file: pdftex.def on input line 107.
 (/usr/local/texlive/2022/texmf-dist/tex/latex/graphics-def/pdftex.def
File: pdftex.def 2022/09/22 v1.2b Graphics/color driver for pdftex
))
\Gin@req@height=\dimen158
\Gin@req@width=\dimen159
) (/usr/local/texlive/2022/texmf-dist/tex/latex/url/url.sty
\Urlmuskip=\muskip16
Package: url 2013/09/16  ver 3.4  Verb mode for urls, etc.
) (/usr/local/texlive/2022/texmf-dist/tex/latex/base/inputenc.sty
Package: inputenc 2021/02/14 v1.3d Input encoding file
\inpenc@prehook=\toks19
\inpenc@posthook=\toks20
)
LaTeX Font Info:    Trying to load font information for OT1+ptm on input line 36.
 (/usr/local/texlive/2022/texmf-dist/tex/latex/psnfss/ot1ptm.fd
File: ot1ptm.fd 2001/06/04 font definitions for OT1/ptm.
) (/usr/local/texlive/2022/texmf-dist/tex/latex/l3backend/l3backend-pdftex.def
File: l3backend-pdftex.def 2022-10-26 L3 backend support: PDF output (pdfTeX)
\l__color_backend_stack_int=\count197
\l__pdf_internal_box=\box52
) (./main.aux)
\openout1 = `main.aux'.

LaTeX Font Info:    Checking defaults for OML/cmm/m/it on input line 36.
LaTeX Font Info:    ... okay on input line 36.
LaTeX Font Info:    Checking defaults for OMS/cmsy/m/n on input line 36.
LaTeX Font Info:    ... okay on input line 36.
LaTeX Font Info:    Checking defaults for OT1/cmr/m/n on input line 36.
LaTeX Font Info:    ... okay on input line 36.
LaTeX Font Info:    Checking defaults for T1/cmr/m/n on input line 36.
LaTeX Font Info:    ... okay on input line 36.
LaTeX Font Info:    Checking defaults for TS1/cmr/m/n on input line 36.
LaTeX Font Info:    ... okay on input line 36.
LaTeX Font Info:    Checking defaults for OMX/cmex/m/n on input line 36.
LaTeX Font Info:    ... okay on input line 36.
LaTeX Font Info:    Checking defaults for U/cmr/m/n on input line 36.
LaTeX Font Info:    ... okay on input line 36.

*geometry* driver: auto-detecting
*geometry* detected driver: pdftex
*geometry* verbose mode - [ preamble ] result:
* driver: pdftex
* paper: a4paper
* layout: <same size as paper>
* layoutoffset:(h,v)=(0.0pt,0.0pt)
* modes: 
* h-part:(L,W,R)=(85.35826pt, 426.79135pt, 85.35826pt)
* v-part:(T,H,B)=(99.58464pt, 674.33032pt, 71.13188pt)
* \paperwidth=597.50787pt
* \paperheight=845.04684pt
* \textwidth=426.79135pt
* \textheight=674.33032pt
* \oddsidemargin=13.08827pt
* \evensidemargin=13.08827pt
* \topmargin=-9.68535pt
* \headheight=12.0pt
* \headsep=25.0pt
* \topskip=12.0pt
* \footskip=30.0pt
* \marginparwidth=44.0pt
* \marginparsep=10.0pt
* \columnsep=10.0pt
* \skip\footins=10.8pt plus 4.0pt minus 2.0pt
* \hoffset=0.0pt
* \voffset=0.0pt
* \mag=1000
* \@twocolumnfalse
* \@twosidefalse
* \@mparswitchfalse
* \@reversemarginfalse
* (1in=72.27pt=25.4mm, 1cm=28.453pt)

(/usr/local/texlive/2022/texmf-dist/tex/context/base/mkii/supp-pdf.mkii
[Loading MPS to PDF converter (version 2006.09.02).]
\scratchcounter=\count198
\scratchdimen=\dimen160
\scratchbox=\box53
\nofMPsegments=\count199
\nofMParguments=\count266
\everyMPshowfont=\toks21
\MPscratchCnt=\count267
\MPscratchDim=\dimen161
\MPnumerator=\count268
\makeMPintoPDFobject=\count269
\everyMPtoPDFconversion=\toks22
) (/usr/local/texlive/2022/texmf-dist/tex/latex/epstopdf-pkg/epstopdf-base.sty
Package: epstopdf-base 2020-01-24 v2.11 Base part for package epstopdf
 (/usr/local/texlive/2022/texmf-dist/tex/generic/infwarerr/infwarerr.sty
Package: infwarerr 2019/12/03 v1.5 Providing info/warning/error messages (HO)
) (/usr/local/texlive/2022/texmf-dist/tex/latex/grfext/grfext.sty
Package: grfext 2019/12/03 v1.3 Manage graphics extensions (HO)
 (/usr/local/texlive/2022/texmf-dist/tex/generic/kvdefinekeys/kvdefinekeys.sty
Package: kvdefinekeys 2019-12-19 v1.6 Define keys (HO)
)) (/usr/local/texlive/2022/texmf-dist/tex/latex/kvoptions/kvoptions.sty
Package: kvoptions 2022-06-15 v3.15 Key value format for package options (HO)
 (/usr/local/texlive/2022/texmf-dist/tex/generic/ltxcmds/ltxcmds.sty
Package: ltxcmds 2020-05-10 v1.25 LaTeX kernel commands for general use (HO)
) (/usr/local/texlive/2022/texmf-dist/tex/latex/kvsetkeys/kvsetkeys.sty
Package: kvsetkeys 2022-10-05 v1.19 Key value parser (HO)
)) (/usr/local/texlive/2022/texmf-dist/tex/generic/pdftexcmds/pdftexcmds.sty
Package: pdftexcmds 2020-06-27 v0.33 Utility functions of pdfTeX for LuaTeX (HO)
Package pdftexcmds Info: \pdf@primitive is available.
Package pdftexcmds Info: \pdf@ifprimitive is available.
Package pdftexcmds Info: \pdfdraftmode found.
)
Package epstopdf-base Info: Redefining graphics rule for `.eps' on input line 485.
Package grfext Info: Graphics extension search list:
(grfext)             [.pdf,.png,.jpg,.mps,.jpeg,.jbig2,.jb2,.PDF,.PNG,.JPG,.JPEG,.JBIG2,.JB2,.eps]
(grfext)             \AppendGraphicsExtensions on input line 504.
 (/usr/local/texlive/2022/texmf-dist/tex/latex/latexconfig/epstopdf-sys.cfg
File: epstopdf-sys.cfg 2010/07/13 v1.3 Configuration of (r)epstopdf for TeX Live
))
LaTeX Font Info:    External font `cmex10' loaded for size
(Font)              <12> on input line 38.
LaTeX Font Info:    External font `cmex10' loaded for size
(Font)              <8> on input line 38.
LaTeX Font Info:    External font `cmex10' loaded for size
(Font)              <6> on input line 38.

Overfull \hbox (17.37698pt too wide) in paragraph at lines 38--38
 [][] 
 []


Overfull \hbox (54.05441pt too wide) in paragraph at lines 38--38
 [][] 
 []

<./imgs//O design do jogo é atraente..png, id=1, 433.62pt x 433.62pt>
File: ./imgs//O design do jogo é atraente..png Graphic file (type png)
<use ./imgs//O design do jogo é atraente..png>
Package pdftex.def Info: ./imgs//O design do jogo é atraente..png  used on input line 74.
(pdftex.def)             Requested size: 173.44492pt x 173.44492pt.
[1

{/usr/local/texlive/2022/texmf-var/fonts/map/pdftex/updmap/pdftex.map}]
<./imgs//O jogo contribuiu para a minha aprendizagem na disciplina..png, id=13, 433.62pt x 433.62pt>
File: ./imgs//O jogo contribuiu para a minha aprendizagem na disciplina..png Graphic file (type png)
<use ./imgs//O jogo contribuiu para a minha aprendizagem na disciplina..png>
Package pdftex.def Info: ./imgs//O jogo contribuiu para a minha aprendizagem na disciplina..png  used on input line 80.
(pdftex.def)             Requested size: 173.44492pt x 173.44492pt.
<./imgs//O jogo evolui num ritmo adequado e não fica monótono — oferece novos obstáculos, situações ou variações de atividades..png, id=14, 433.62pt x 433.62pt>
File: ./imgs//O jogo evolui num ritmo adequado e não fica monótono — oferece novos obstáculos, situações ou variações de atividades..png Graphic file (type png)
<use ./imgs//O jogo evolui num ritmo adequado e não fica monótono — oferece novos obstáculos, situações ou variações de atividades..png>
Package pdftex.def Info: ./imgs//O jogo evolui num ritmo adequado e não fica monótono — oferece novos obstáculos, situações ou variações de atividades..png  used on input line 87.
(pdftex.def)             Requested size: 173.44492pt x 173.44492pt.
<./imgs//O conteúdo do jogo está conectado com outros conhecimentos que eu já possuía..png, id=15, 433.62pt x 433.62pt>
File: ./imgs//O conteúdo do jogo está conectado com outros conhecimentos que eu já possuía..png Graphic file (type png)
<use ./imgs//O conteúdo do jogo está conectado com outros conhecimentos que eu já possuía..png>
Package pdftex.def Info: ./imgs//O conteúdo do jogo está conectado com outros conhecimentos que eu já possuía..png  used on input line 94.
(pdftex.def)             Requested size: 173.44492pt x 173.44492pt.
 [2 <./imgs//O design do jogo é atraente..png> <./imgs//O jogo contribuiu para a minha aprendizagem na disciplina..png> <./imgs//O jogo evolui num ritmo adequado e não fica monótono — oferece novos obstáculos, situações ou variações de atividades..png>]
<./imgs//O jogo forneceu feedback constante dos meus acertos e erros durante e ao final..png, id=22, 433.62pt x 433.62pt>
File: ./imgs//O jogo forneceu feedback constante dos meus acertos e erros durante e ao final..png Graphic file (type png)
<use ./imgs//O jogo forneceu feedback constante dos meus acertos e erros durante e ao final..png>
Package pdftex.def Info: ./imgs//O jogo forneceu feedback constante dos meus acertos e erros durante e ao final..png  used on input line 100.
(pdftex.def)             Requested size: 173.44492pt x 173.44492pt.
<./imgs//Eu gostei do jogo e não me senti ansioso ou entediado por causa dele..png, id=23, 433.62pt x 433.62pt>
File: ./imgs//Eu gostei do jogo e não me senti ansioso ou entediado por causa dele..png Graphic file (type png)
<use ./imgs//Eu gostei do jogo e não me senti ansioso ou entediado por causa dele..png>
Package pdftex.def Info: ./imgs//Eu gostei do jogo e não me senti ansioso ou entediado por causa dele..png  used on input line 106.
(pdftex.def)             Requested size: 173.44492pt x 173.44492pt.
<./imgs//A organização das informações na tela está clara e objetiva.png, id=24, 433.62pt x 433.62pt>
File: ./imgs//A organização das informações na tela está clara e objetiva.png Graphic file (type png)
<use ./imgs//A organização das informações na tela está clara e objetiva.png>
Package pdftex.def Info: ./imgs//A organização das informações na tela está clara e objetiva.png  used on input line 112.
(pdftex.def)             Requested size: 173.44492pt x 173.44492pt.
 [3 <./imgs//O conteúdo do jogo está conectado com outros conhecimentos que eu já possuía..png> <./imgs//O jogo forneceu feedback constante dos meus acertos e erros durante e ao final..png> <./imgs//Eu gostei do jogo e não me senti ansioso ou entediado por causa dele..png>]
<./imgs//Esquema de pontuação de acertos e erros foi feita de forma justa.png, id=31, 433.62pt x 433.62pt>
File: ./imgs//Esquema de pontuação de acertos e erros foi feita de forma justa.png Graphic file (type png)
<use ./imgs//Esquema de pontuação de acertos e erros foi feita de forma justa.png>
Package pdftex.def Info: ./imgs//Esquema de pontuação de acertos e erros foi feita de forma justa.png  used on input line 118.
(pdftex.def)             Requested size: 173.44492pt x 173.44492pt.
<./imgs//Foi fácil entender o jogo..png, id=32, 433.62pt x 433.62pt>
File: ./imgs//Foi fácil entender o jogo..png Graphic file (type png)
<use ./imgs//Foi fácil entender o jogo..png>
Package pdftex.def Info: ./imgs//Foi fácil entender o jogo..png  used on input line 124.
(pdftex.def)             Requested size: 173.44492pt x 173.44492pt.
<./imgs//O tempo de jogo foi satisfatório..png, id=33, 433.62pt x 433.62pt>
File: ./imgs//O tempo de jogo foi satisfatório..png Graphic file (type png)
<use ./imgs//O tempo de jogo foi satisfatório..png>
Package pdftex.def Info: ./imgs//O tempo de jogo foi satisfatório..png  used on input line 130.
(pdftex.def)             Requested size: 173.44492pt x 173.44492pt.

Underfull \vbox (badness 2103) has occurred while \output is active []

 [4 <./imgs//A organização das informações na tela está clara e objetiva.png> <./imgs//Esquema de pontuação de acertos e erros foi feita de forma justa.png> <./imgs//Foi fácil entender o jogo..png>] (./main.bbl

LaTeX Warning: Empty `thebibliography' environment on input line 3.

) [5 <./imgs//O tempo de jogo foi satisfatório..png>] (./main.aux) ) 
Here is how much of TeX's memory you used:
 3183 strings out of 474971
 59374 string characters out of 5776129
 407271 words of memory out of 5000000
 24638 multiletter control sequences out of 15000+600000
 482785 words of font info for 51 fonts, out of 8000000 for 9000
 1141 hyphenation exceptions out of 8191
 70i,10n,76p,460b,242s stack positions out of 10000i,1000n,20000p,200000b,200000s
{/usr/local/texlive/2022/texmf-dist/fonts/enc/dvips/base/8r.enc}</usr/local/texlive/2022/texmf-dist/fonts/type1/public/amsfonts/cm/cmr8.pfb></usr/local/texlive/2022/texmf-dist/fonts/type1/urw/times/utmb8a.pfb></usr/local/texlive/2022/texmf-dist/fonts/type1/urw/times/utmbi8a.pfb></usr/local/texlive/2022/texmf-dist/fonts/type1/urw/times/utmr8a.pfb></usr/local/texlive/2022/texmf-dist/fonts/type1/urw/times/utmri8a.pfb>
Output written on main.pdf (5 pages, 229379 bytes).
PDF statistics:
 67 PDF objects out of 1000 (max. 8388607)
 29 compressed objects within 1 object stream
 0 named destinations out of 1000 (max. 500000)
 51 words of extra memory for PDF output out of 10000 (max. 10000000)

